<?xml version="1.0" encoding="UTF-8"?>
<!-- Generated by org.testng.reporters.JUnitReportReporter -->
<testsuite hostname="DESKTOP-ST8DS5J" failures="0" tests="1" name="employeemodule.CreateEmpAndVerify" time="18.798" errors="0" timestamp="2023-03-24T12:41:47 IST" skipped="0">
  <testcase classname="employeemodule.CreateEmpAndVerify" name="createEmployee" time="18.798"/>
  <system-out/>
</testsuite> <!-- employeemodule.CreateEmpAndVerify -->
