<?xml version="1.0" encoding="UTF-8"?>
<!-- Generated by org.testng.reporters.JUnitReportReporter -->
<testsuite hostname="DESKTOP-ST8DS5J" failures="0" tests="18" name="com.hrm.practice.DPusingExcel" time="0.078" errors="0" timestamp="2023-03-24T09:53:34 IST" skipped="0">
  <testcase classname="com.hrm.practice.DPusingExcel" name="readData" time="0.003"/>
  <system-out/>
  <testcase classname="com.hrm.practice.DPusingExcel" name="readData" time="0.009"/>
  <system-out/>
  <testcase classname="com.hrm.practice.DPusingExcel" name="readData" time="0.001"/>
  <system-out/>
  <testcase classname="com.hrm.practice.DPusingExcel" name="readData" time="0.003"/>
  <system-out/>
  <testcase classname="com.hrm.practice.DPusingExcel" name="readData" time="0.001"/>
  <system-out/>
  <testcase classname="com.hrm.practice.DPusingExcel" name="readData" time="0.003"/>
  <system-out/>
  <testcase classname="com.hrm.practice.DPusingExcel" name="readData" time="0.003"/>
  <system-out/>
  <testcase classname="com.hrm.practice.DPusingExcel" name="readData" time="0.001"/>
  <system-out/>
  <testcase classname="com.hrm.practice.DPusingExcel" name="readData" time="0.009"/>
  <system-out/>
  <testcase classname="com.hrm.practice.DPusingExcel" name="readData" time="0.007"/>
  <system-out/>
  <testcase classname="com.hrm.practice.DPusingExcel" name="readData" time="0.003"/>
  <system-out/>
  <testcase classname="com.hrm.practice.DPusingExcel" name="readData" time="0.005"/>
  <system-out/>
  <testcase classname="com.hrm.practice.DPusingExcel" name="readData" time="0.019"/>
  <system-out/>
  <testcase classname="com.hrm.practice.DPusingExcel" name="readData" time="0.003"/>
  <system-out/>
  <testcase classname="com.hrm.practice.DPusingExcel" name="readData" time="0.001"/>
  <system-out/>
  <testcase classname="com.hrm.practice.DPusingExcel" name="readData" time="0.003"/>
  <system-out/>
  <testcase classname="com.hrm.practice.DPusingExcel" name="readData" time="0.002"/>
  <system-out/>
  <testcase classname="com.hrm.practice.DPusingExcel" name="readData" time="0.002"/>
  <system-out/>
</testsuite> <!-- com.hrm.practice.DPusingExcel -->
