<?xml version="1.0" encoding="UTF-8"?>
<!-- Generated by org.testng.reporters.JUnitReportReporter -->
<testsuite hostname="DESKTOP-ST8DS5J" failures="0" tests="3" name="com.hrm.practice.DataProviderInAnotherClass" time="0.014" errors="0" timestamp="2023-03-23T16:27:31 IST" skipped="0">
  <testcase classname="com.hrm.practice.DataProviderInAnotherClass" name="readData" time="0.010"/>
  <system-out/>
  <testcase classname="com.hrm.practice.DataProviderInAnotherClass" name="readData" time="0.003"/>
  <system-out/>
  <testcase classname="com.hrm.practice.DataProviderInAnotherClass" name="readData" time="0.001"/>
  <system-out/>
</testsuite> <!-- com.hrm.practice.DataProviderInAnotherClass -->
