<?xml version="1.0" encoding="UTF-8"?>
<!-- Generated by org.testng.reporters.JUnitReportReporter -->
<testsuite hostname="DESKTOP-ST8DS5J" failures="0" tests="3" name="com.hrm.practice.TestngPracticeDataProvider" time="0.012" errors="0" timestamp="2023-03-23T16:21:21 IST" skipped="0">
  <testcase classname="com.hrm.practice.TestngPracticeDataProvider" name="getData" time="0.008"/>
  <system-out/>
  <testcase classname="com.hrm.practice.TestngPracticeDataProvider" name="getData" time="0.002"/>
  <system-out/>
  <testcase classname="com.hrm.practice.TestngPracticeDataProvider" name="getData" time="0.002"/>
  <system-out/>
</testsuite> <!-- com.hrm.practice.TestngPracticeDataProvider -->
