<?xml version="1.0" encoding="UTF-8"?>
<!-- Generated by org.testng.reporters.JUnitReportReporter -->
<testsuite hostname="DESKTOP-ST8DS5J" failures="0" tests="4" name="com.hrm.practice.TestngPractice" time="0.015" errors="0" timestamp="2023-03-23T16:11:29 IST" skipped="0">
  <testcase classname="com.hrm.practice.TestngPractice" name="sing" time="0.010"/>
  <system-out/>
  <testcase classname="com.hrm.practice.TestngPractice" name="eat" time="0.002"/>
  <system-out/>
  <testcase classname="com.hrm.practice.TestngPractice" name="jump" time="0.001"/>
  <system-out/>
  <testcase classname="com.hrm.practice.TestngPractice" name="dance" time="0.002"/>
  <system-out/>
</testsuite> <!-- com.hrm.practice.TestngPractice -->
