<?xml version="1.0" encoding="UTF-8"?>
<!-- Generated by org.testng.reporters.JUnitReportReporter -->
<testsuite hostname="DESKTOP-ST8DS5J" failures="0" tests="2" name="com.hrm.practice.DPusingExcelUtility" time="0.014" errors="0" timestamp="2023-03-24T10:54:47 IST" skipped="0">
  <testcase classname="com.hrm.practice.DPusingExcelUtility" name="mapdata" time="0.011"/>
  <system-out/>
  <testcase classname="com.hrm.practice.DPusingExcelUtility" name="mapdata" time="0.003"/>
  <system-out/>
</testsuite> <!-- com.hrm.practice.DPusingExcelUtility -->
