<?xml version="1.0" encoding="UTF-8"?>
<!-- Generated by org.testng.reporters.JUnitReportReporter -->
<testsuite hostname="DESKTOP-ST8DS5J" failures="0" tests="1" name="com.hrm.practice.TestngAnnotations" time="0.011" errors="0" timestamp="2023-03-23T17:31:42 IST" skipped="0">
  <testcase classname="com.hrm.practice.TestngAnnotations" name="test" time="0.011"/>
  <system-out/>
</testsuite> <!-- com.hrm.practice.TestngAnnotations -->
